[INFO] Scanning for projects...
[INFO] 
[INFO] Using the builder org.apache.maven.lifecycle.internal.builder.singlethreaded.SingleThreadedBuilder with a thread count of 1
[INFO]                                                                         
[INFO] ------------------------------------------------------------------------
[INFO] Building Portal 1.0
[INFO] ------------------------------------------------------------------------
[INFO] 
[INFO] --- maven-clean-plugin:2.5:clean (default-clean) @ Portal ---
[INFO] Deleting /Users/doug/git/LicensePortal/target
[INFO] 
[INFO] --- maven-resources-plugin:2.6:resources (default-resources) @ Portal ---
[WARNING] Using platform encoding (UTF-8 actually) to copy filtered resources, i.e. build is platform dependent!
[INFO] skip non existing resourceDirectory /Users/doug/git/LicensePortal/src/main/resources
[INFO] 
[INFO] --- maven-compiler-plugin:3.8.0:compile (default-compile) @ Portal ---
[INFO] Changes detected - recompiling the module!
[WARNING] File encoding has not been set, using platform encoding UTF-8, i.e. build is platform dependent!
[INFO] Compiling 20 source files to /Users/doug/git/LicensePortal/target/classes
[INFO] 
[INFO] --- maven-resources-plugin:2.6:testResources (default-testResources) @ Portal ---
[INFO] Not copying test resources
[INFO] 
[INFO] --- maven-compiler-plugin:3.8.0:testCompile (default-testCompile) @ Portal ---
[INFO] Not compiling test sources
[INFO] 
[INFO] --- maven-surefire-plugin:2.12.4:test (default-test) @ Portal ---
[INFO] Tests are skipped.
[INFO] 
[INFO] --- maven-war-plugin:3.2.1:war (default-war) @ Portal ---
[INFO] Packaging webapp
[INFO] Assembling webapp [Portal] in [/Users/doug/git/LicensePortal/target/Portal-1.0]
[INFO] Processing war project
[INFO] Copying webapp resources [/Users/doug/git/LicensePortal/WebContent]
[INFO] Webapp assembled in [197 msecs]
[INFO] Building war: /Users/doug/git/LicensePortal/target/Portal-1.0.war
[INFO] ------------------------------------------------------------------------
[INFO] BUILD SUCCESS
[INFO] ------------------------------------------------------------------------
[INFO] Total time: 3.156 s
[INFO] Finished at: 2020-12-16T16:48:58-08:00
[INFO] Final Memory: 23M/238M
[INFO] ------------------------------------------------------------------------
